<?xml version="1.0" encoding="UTF-8" ?>
<testsuite tests="5" failures="0" name="ch.heigvd.amt.gestioncours.spec.SpecificationTest" time="0.037" errors="2" skipped="1">
  <properties>
    <property name="java.runtime.name" value="Java(TM) SE Runtime Environment"/>
    <property name="sun.boot.library.path" value="C:\Program Files\Java\jdk1.8.0_181\jre\bin"/>
    <property name="java.vm.version" value="25.181-b13"/>
    <property name="java.vm.vendor" value="Oracle Corporation"/>
    <property name="maven.multiModuleProjectDirectory" value="E:\SEMESTRE V\AMT\PARTIE II\Projet\Teaching-HEIGVD-AMT-2019-Project-Two\gestioncours\gestionCours-specs"/>
    <property name="java.vendor.url" value="http://java.oracle.com/"/>
    <property name="path.separator" value=";"/>
    <property name="guice.disable.misplaced.annotation.check" value="true"/>
    <property name="java.vm.name" value="Java HotSpot(TM) 64-Bit Server VM"/>
    <property name="file.encoding.pkg" value="sun.io"/>
    <property name="user.script" value=""/>
    <property name="user.country" value="CH"/>
    <property name="sun.java.launcher" value="SUN_STANDARD"/>
    <property name="sun.os.patch.level" value=""/>
    <property name="java.vm.specification.name" value="Java Virtual Machine Specification"/>
    <property name="user.dir" value="E:\SEMESTRE V\AMT\PARTIE II\Projet\Teaching-HEIGVD-AMT-2019-Project-Two\gestioncours\gestionCours-specs"/>
    <property name="java.runtime.version" value="1.8.0_181-b13"/>
    <property name="java.awt.graphicsenv" value="sun.awt.Win32GraphicsEnvironment"/>
    <property name="java.endorsed.dirs" value="C:\Program Files\Java\jdk1.8.0_181\jre\lib\endorsed"/>
    <property name="os.arch" value="amd64"/>
    <property name="java.io.tmpdir" value="C:\Users\MAINTE~1\AppData\Local\Temp\"/>
    <property name="line.separator" value="
"/>
    <property name="java.vm.specification.vendor" value="Oracle Corporation"/>
    <property name="user.variant" value=""/>
    <property name="os.name" value="Windows 10"/>
    <property name="maven.ext.class.path" value="C:\Program Files\JetBrains\IntelliJ IDEA 2018.3.4\plugins\maven\lib\maven-event-listener.jar"/>
    <property name="classworlds.conf" value="C:\Program Files\JetBrains\IntelliJ IDEA 2018.3.4\plugins\maven\lib\maven3\bin\m2.conf"/>
    <property name="sun.jnu.encoding" value="Cp1252"/>
    <property name="java.library.path" value="C:\Program Files\Java\jdk1.8.0_181\bin;C:\WINDOWS\Sun\Java\bin;C:\WINDOWS\system32;C:\WINDOWS;C:\Program Files (x86)\Common Files\Oracle\Java\javapath;C:\Program Files (x86)\Intel\iCLS Client\;C:\Program Files\Intel\iCLS Client\;C:\Windows\system32;C:\Windows;C:\Windows\System32\Wbem;C:\Windows\System32\WindowsPowerShell\v1.0\;C:\Program Files (x86)\Intel\Intel(R) Management Engine Components\DAL;C:\Program Files\Intel\Intel(R) Management Engine Components\DAL;C:\Program Files (x86)\Intel\Intel(R) Management Engine Components\IPT;C:\Program Files\Intel\Intel(R) Management Engine Components\IPT;C:\Program Files (x86)\NVIDIA Corporation\PhysX\Common;C:\WINDOWS\system32;C:\WINDOWS;C:\WINDOWS\System32\Wbem;C:\WINDOWS\System32\WindowsPowerShell\v1.0\;C:\MinGW\bin;C:\MinGW\msys\1.0\bin\;C:\Program Files\doxygen\bin;C:\Program Files\MiKTeX 2.9\miktex\bin\x64\;C:\PROGRA~2\ATT\Graphviz\bin;C:\WINDOWS\System32\OpenSSH\;C:\Program Files\Java\jdk1.8.0_181\bin;C:\Program Files\MySQL\MySQL Workbench 8.0 CE\;C:\Program Files (x86)\apache-maven-3.6.0-bin\apache-maven-3.6.0\bin;C:\Program Files\Git\cmd;C:\Program Files\Oracle\VirtualBox\;C:\VMs;C:\Program Files\PuTTY\;C:\Program Files (x86)\sbt\bin;C:\Program Files\PostgreSQL\9.6\bin;C:\Program Files\PostgreSQL\9.6\lib;C:\Program Files\nodejs\;C:\Program Files\Microsoft VS Code\bin;C:\Users\Maintenant Prêt\AppData\Local\Programs\Python\Python37-32\Scripts\;C:\Users\Maintenant Prêt\AppData\Local\Programs\Python\Python37-32\;C:\Users\Maintenant Prêt\AppData\Local\Microsoft\WindowsApps;C:\Users\Maintenant Prêt\AppData\Local\Markdown Monster;C:\Users\Maintenant Prêt\AppData\Local\Markdown Monster\Markdown Monster;C:\Program Files\Docker Toolbox;C:\Users\Maintenant Prêt\AppData\Roaming\npm;%USERPROFILE%\AppData\Local\Microsoft\WindowsApps;;."/>
    <property name="maven.conf" value="C:\Program Files\JetBrains\IntelliJ IDEA 2018.3.4\plugins\maven\lib\maven3/conf"/>
    <property name="java.specification.name" value="Java Platform API Specification"/>
    <property name="java.class.version" value="52.0"/>
    <property name="sun.management.compiler" value="HotSpot 64-Bit Tiered Compilers"/>
    <property name="os.version" value="10.0"/>
    <property name="user.home" value="C:\Users\Maintenant Prêt"/>
    <property name="user.timezone" value="Europe/Berlin"/>
    <property name="java.awt.printerjob" value="sun.awt.windows.WPrinterJob"/>
    <property name="java.specification.version" value="1.8"/>
    <property name="file.encoding" value="UTF-8"/>
    <property name="user.name" value="Maintenant Prêt"/>
    <property name="java.class.path" value="C:\Program Files\JetBrains\IntelliJ IDEA 2018.3.4\plugins\maven\lib\maven3\boot\plexus-classworlds-2.6.0.jar;C:\Program Files\JetBrains\IntelliJ IDEA 2018.3.4\lib\idea_rt.jar"/>
    <property name="idea.version2019.2.3" value="true"/>
    <property name="java.vm.specification.version" value="1.8"/>
    <property name="sun.arch.data.model" value="64"/>
    <property name="java.home" value="C:\Program Files\Java\jdk1.8.0_181\jre"/>
    <property name="sun.java.command" value="org.codehaus.classworlds.Launcher -Didea.version2019.2.3 clean install"/>
    <property name="java.specification.vendor" value="Oracle Corporation"/>
    <property name="user.language" value="fr"/>
    <property name="awt.toolkit" value="sun.awt.windows.WToolkit"/>
    <property name="java.vm.info" value="mixed mode"/>
    <property name="java.version" value="1.8.0_181"/>
    <property name="java.ext.dirs" value="C:\Program Files\Java\jdk1.8.0_181\jre\lib\ext;C:\WINDOWS\Sun\Java\lib\ext"/>
    <property name="sun.boot.class.path" value="C:\Program Files\Java\jdk1.8.0_181\jre\lib\resources.jar;C:\Program Files\Java\jdk1.8.0_181\jre\lib\rt.jar;C:\Program Files\Java\jdk1.8.0_181\jre\lib\sunrsasign.jar;C:\Program Files\Java\jdk1.8.0_181\jre\lib\jsse.jar;C:\Program Files\Java\jdk1.8.0_181\jre\lib\jce.jar;C:\Program Files\Java\jdk1.8.0_181\jre\lib\charsets.jar;C:\Program Files\Java\jdk1.8.0_181\jre\lib\jfr.jar;C:\Program Files\Java\jdk1.8.0_181\jre\classes"/>
    <property name="java.vendor" value="Oracle Corporation"/>
    <property name="maven.home" value="C:\Program Files\JetBrains\IntelliJ IDEA 2018.3.4\plugins\maven\lib\maven3"/>
    <property name="file.separator" value="\"/>
    <property name="java.vendor.url.bug" value="http://bugreport.sun.com/bugreport/"/>
    <property name="sun.cpu.endian" value="little"/>
    <property name="sun.io.unicode.encoding" value="UnicodeLittle"/>
    <property name="sun.desktop" value="windows"/>
    <property name="sun.cpu.isalist" value="amd64"/>
  </properties>
  <testcase classname="Scenario: create a subject" name="Given there is a Subjects server" time="0.016"/>
  <testcase classname="Scenario: create a subject" name="Given I have a subject payload" time="0"/>
  <testcase classname="Scenario: create a subject" name="When I POST it to the /subjects endpoint" time="0.007">
    <error message="Expected URL scheme &apos;http&apos; or &apos;https&apos; but no colon was found" type="java.lang.IllegalArgumentException">java.lang.IllegalArgumentException: Expected URL scheme &apos;http&apos; or &apos;https&apos; but no colon was found
	at okhttp3.HttpUrl$Builder.parse$okhttp(HttpUrl.kt:1257)
	at okhttp3.HttpUrl$Companion.get(HttpUrl.kt:1630)
	at okhttp3.Request$Builder.url(Request.kt:184)
	at ch.heigvd.amt.gestioncours.ApiClient.buildRequest(ApiClient.java:1024)
	at ch.heigvd.amt.gestioncours.ApiClient.buildCall(ApiClient.java:999)
	at ch.heigvd.amt.gestioncours.api.DefaultApi.createSubjectCall(DefaultApi.java:219)
	at ch.heigvd.amt.gestioncours.api.DefaultApi.createSubjectValidateBeforeCall(DefaultApi.java:231)
	at ch.heigvd.amt.gestioncours.api.DefaultApi.createSubjectWithHttpInfo(DefaultApi.java:270)
	at ch.heigvd.amt.gestioncours.spec.steps.CreationSteps.i_POST_it_to_the_subjects_endpoint(CreationSteps.java:49)
	at ✽.When I POST it to the /subjects endpoint(creation.feature:8)
</error>
  </testcase>
  <testcase classname="Scenario: create a subject" name="Scenario: create a subject" time="0.007">
    <error message="Expected URL scheme &apos;http&apos; or &apos;https&apos; but no colon was found" type="java.lang.IllegalArgumentException">java.lang.IllegalArgumentException: Expected URL scheme &apos;http&apos; or &apos;https&apos; but no colon was found
	at okhttp3.HttpUrl$Builder.parse$okhttp(HttpUrl.kt:1257)
	at okhttp3.HttpUrl$Companion.get(HttpUrl.kt:1630)
	at okhttp3.Request$Builder.url(Request.kt:184)
	at ch.heigvd.amt.gestioncours.ApiClient.buildRequest(ApiClient.java:1024)
	at ch.heigvd.amt.gestioncours.ApiClient.buildCall(ApiClient.java:999)
	at ch.heigvd.amt.gestioncours.api.DefaultApi.createSubjectCall(DefaultApi.java:219)
	at ch.heigvd.amt.gestioncours.api.DefaultApi.createSubjectValidateBeforeCall(DefaultApi.java:231)
	at ch.heigvd.amt.gestioncours.api.DefaultApi.createSubjectWithHttpInfo(DefaultApi.java:270)
	at ch.heigvd.amt.gestioncours.spec.steps.CreationSteps.i_POST_it_to_the_subjects_endpoint(CreationSteps.java:49)
	at ✽.When I POST it to the /subjects endpoint(creation.feature:8)
</error>
  </testcase>
  <testcase classname="Scenario: create a subject" name="Then I receive a 201 status code" time="0.007">
    <skipped/>
  </testcase>
</testsuite>